#! /usr/bin/vvp
:ivl_version "0.9.7 " "(v0_9_7)";
:vpi_time_precision + 0;
:vpi_module "system";
:vpi_module "v2005_math";
:vpi_module "va_math";
S_0x1952f00 .scope module, "testbench" "testbench" 2 58;
 .timescale 0 0;
v0x1980bd0_0 .var "a", 3 0;
v0x1980c80_0 .var "b", 3 0;
v0x1980d50_0 .net "carry", 0 0, L_0x1983ba0; 1 drivers
v0x1980e20_0 .var "cin", 0 0;
v0x1980f30_0 .net "overflow", 0 0, L_0x1983e10; 1 drivers
RS_0x7f3303d538b8 .resolv tri, L_0x1981ee0, L_0x1982730, L_0x19830e0, L_0x1983c40;
v0x1980fb0_0 .net8 "result", 3 0, RS_0x7f3303d538b8; 4 drivers
S_0x1951b50 .scope module, "r1" "adder_subtractor" 2 65, 2 4, S_0x1952f00;
 .timescale 0 0;
L_0x1983e10 .functor XOR 1, L_0x1983ba0, L_0x1984230, C4<0>, C4<0>;
v0x1980670_0 .net *"_s38", 0 0, L_0x1984230; 1 drivers
v0x1980730_0 .net "a", 3 0, v0x1980bd0_0; 1 drivers
v0x19807d0_0 .net "b", 3 0, v0x1980c80_0; 1 drivers
RS_0x7f3303d537c8 .resolv tri, L_0x1981030, L_0x1981270, L_0x1981540, L_0x19817e0;
v0x1980850_0 .net8 "b_", 3 0, RS_0x7f3303d537c8; 4 drivers
RS_0x7f3303d53858 .resolv tri, L_0x1981fd0, L_0x19827d0, L_0x1983270, C4<zzz>;
v0x1980900_0 .net8 "c", 2 0, RS_0x7f3303d53858; 3 drivers
v0x1980980_0 .alias "carry", 0 0, v0x1980d50_0;
v0x1980a00_0 .net "cin", 0 0, v0x1980e20_0; 1 drivers
v0x1980a80_0 .alias "overflow", 0 0, v0x1980f30_0;
v0x1980b50_0 .alias "result", 3 0, v0x1980fb0_0;
L_0x1981ee0 .part/pv L_0x1981ce0, 0, 1, 4;
L_0x1981fd0 .part/pv L_0x1981e80, 0, 1, 3;
L_0x19820c0 .part v0x1980bd0_0, 0, 1;
L_0x19821f0 .part RS_0x7f3303d537c8, 0, 1;
L_0x1982730 .part/pv L_0x1982480, 1, 1, 4;
L_0x19827d0 .part/pv L_0x19826b0, 1, 1, 3;
L_0x1982910 .part v0x1980bd0_0, 1, 1;
L_0x1982a40 .part RS_0x7f3303d537c8, 1, 1;
L_0x1982b70 .part RS_0x7f3303d53858, 0, 1;
L_0x19830e0 .part/pv L_0x1982e10, 2, 1, 4;
L_0x1983270 .part/pv L_0x1983060, 2, 1, 3;
L_0x19833a0 .part v0x1980bd0_0, 2, 1;
L_0x19835d0 .part RS_0x7f3303d537c8, 2, 1;
L_0x1983810 .part RS_0x7f3303d53858, 1, 1;
L_0x1983c40 .part/pv L_0x19839f0, 3, 1, 4;
L_0x1983ce0 .part v0x1980bd0_0, 3, 1;
L_0x1983ea0 .part RS_0x7f3303d537c8, 3, 1;
L_0x1983fd0 .part RS_0x7f3303d53858, 2, 1;
L_0x1984230 .part RS_0x7f3303d53858, 2, 1;
S_0x197fea0 .scope module, "OC1" "ones_compliment" 2 13, 2 27, S_0x1951b50;
 .timescale 0 0;
L_0x19810d0 .functor XOR 1, L_0x1981180, v0x1980e20_0, C4<0>, C4<0>;
L_0x1981310 .functor XOR 1, L_0x19813c0, v0x1980e20_0, C4<0>, C4<0>;
L_0x19816a0 .functor XOR 1, L_0x1981700, v0x1980e20_0, C4<0>, C4<0>;
L_0x1981880 .functor XOR 1, L_0x1981a40, v0x1980e20_0, C4<0>, C4<0>;
v0x197ff90_0 .net *"_s1", 0 0, L_0x19810d0; 1 drivers
v0x1980010_0 .net *"_s11", 0 0, L_0x19816a0; 1 drivers
v0x1980090_0 .net *"_s14", 0 0, L_0x1981700; 1 drivers
v0x1980110_0 .net *"_s16", 0 0, L_0x1981880; 1 drivers
v0x19801c0_0 .net *"_s19", 0 0, L_0x1981a40; 1 drivers
v0x1980240_0 .net *"_s4", 0 0, L_0x1981180; 1 drivers
v0x19802c0_0 .net *"_s6", 0 0, L_0x1981310; 1 drivers
v0x1980360_0 .net *"_s9", 0 0, L_0x19813c0; 1 drivers
v0x1980450_0 .alias "b", 3 0, v0x19807d0_0;
v0x19804f0_0 .alias "b_", 3 0, v0x1980850_0;
v0x19805f0_0 .alias "cin", 0 0, v0x1980a00_0;
L_0x1981030 .part/pv L_0x19810d0, 0, 1, 4;
L_0x1981180 .part v0x1980c80_0, 0, 1;
L_0x1981270 .part/pv L_0x1981310, 1, 1, 4;
L_0x19813c0 .part v0x1980c80_0, 1, 1;
L_0x1981540 .part/pv L_0x19816a0, 2, 1, 4;
L_0x1981700 .part v0x1980c80_0, 2, 1;
L_0x19817e0 .part/pv L_0x1981880, 3, 1, 4;
L_0x1981a40 .part v0x1980c80_0, 3, 1;
S_0x197f190 .scope module, "FA0" "FA" 2 16, 2 38, S_0x1951b50;
 .timescale 0 0;
L_0x1981e80 .functor OR 1, L_0x1981c30, L_0x1981e20, C4<0>, C4<0>;
v0x197f8f0_0 .net "a", 0 0, L_0x19820c0; 1 drivers
v0x197f9c0_0 .net "b_", 0 0, L_0x19821f0; 1 drivers
v0x197fa70_0 .alias "ci", 0 0, v0x1980a00_0;
v0x197fb20_0 .net "co", 0 0, L_0x1981e80; 1 drivers
v0x197fbd0_0 .net "pc0", 0 0, L_0x1981c30; 1 drivers
v0x197fc80_0 .net "pc1", 0 0, L_0x1981e20; 1 drivers
v0x197fd00_0 .net "ps", 0 0, L_0x1981b30; 1 drivers
v0x197fdd0_0 .net "s", 0 0, L_0x1981ce0; 1 drivers
S_0x197f5a0 .scope module, "HA0" "HA" 2 44, 2 50, S_0x197f190;
 .timescale 0 0;
L_0x1981b30 .functor XOR 1, L_0x19820c0, L_0x19821f0, C4<0>, C4<0>;
L_0x1981c30 .functor AND 1, L_0x19820c0, L_0x19821f0, C4<1>, C4<1>;
v0x197f690_0 .alias "hc", 0 0, v0x197fbd0_0;
v0x197f710_0 .alias "hs", 0 0, v0x197fd00_0;
v0x197f7c0_0 .alias "ip1", 0 0, v0x197f8f0_0;
v0x197f840_0 .alias "ip2", 0 0, v0x197f9c0_0;
S_0x197f280 .scope module, "HA1" "HA" 2 45, 2 50, S_0x197f190;
 .timescale 0 0;
L_0x1981ce0 .functor XOR 1, L_0x1981b30, v0x1980e20_0, C4<0>, C4<0>;
L_0x1981e20 .functor AND 1, L_0x1981b30, v0x1980e20_0, C4<1>, C4<1>;
v0x197f370_0 .alias "hc", 0 0, v0x197fc80_0;
v0x197f3f0_0 .alias "hs", 0 0, v0x197fdd0_0;
v0x197f470_0 .alias "ip1", 0 0, v0x197fd00_0;
v0x197f4f0_0 .alias "ip2", 0 0, v0x1980a00_0;
S_0x197e480 .scope module, "FA1" "FA" 2 17, 2 38, S_0x1951b50;
 .timescale 0 0;
L_0x19826b0 .functor OR 1, L_0x19823d0, L_0x19825e0, C4<0>, C4<0>;
v0x197ebe0_0 .net "a", 0 0, L_0x1982910; 1 drivers
v0x197ecb0_0 .net "b_", 0 0, L_0x1982a40; 1 drivers
v0x197ed60_0 .net "ci", 0 0, L_0x1982b70; 1 drivers
v0x197ee10_0 .net "co", 0 0, L_0x19826b0; 1 drivers
v0x197eec0_0 .net "pc0", 0 0, L_0x19823d0; 1 drivers
v0x197ef70_0 .net "pc1", 0 0, L_0x19825e0; 1 drivers
v0x197eff0_0 .net "ps", 0 0, L_0x1982320; 1 drivers
v0x197f0c0_0 .net "s", 0 0, L_0x1982480; 1 drivers
S_0x197e890 .scope module, "HA0" "HA" 2 44, 2 50, S_0x197e480;
 .timescale 0 0;
L_0x1982320 .functor XOR 1, L_0x1982910, L_0x1982a40, C4<0>, C4<0>;
L_0x19823d0 .functor AND 1, L_0x1982910, L_0x1982a40, C4<1>, C4<1>;
v0x197e980_0 .alias "hc", 0 0, v0x197eec0_0;
v0x197ea00_0 .alias "hs", 0 0, v0x197eff0_0;
v0x197eab0_0 .alias "ip1", 0 0, v0x197ebe0_0;
v0x197eb30_0 .alias "ip2", 0 0, v0x197ecb0_0;
S_0x197e570 .scope module, "HA1" "HA" 2 45, 2 50, S_0x197e480;
 .timescale 0 0;
L_0x1982480 .functor XOR 1, L_0x1982320, L_0x1982b70, C4<0>, C4<0>;
L_0x19825e0 .functor AND 1, L_0x1982320, L_0x1982b70, C4<1>, C4<1>;
v0x197e660_0 .alias "hc", 0 0, v0x197ef70_0;
v0x197e6e0_0 .alias "hs", 0 0, v0x197f0c0_0;
v0x197e760_0 .alias "ip1", 0 0, v0x197eff0_0;
v0x197e7e0_0 .alias "ip2", 0 0, v0x197ed60_0;
S_0x197d770 .scope module, "FA2" "FA" 2 18, 2 38, S_0x1951b50;
 .timescale 0 0;
L_0x1983060 .functor OR 1, L_0x1982d40, L_0x1982f90, C4<0>, C4<0>;
v0x197ded0_0 .net "a", 0 0, L_0x19833a0; 1 drivers
v0x197dfa0_0 .net "b_", 0 0, L_0x19835d0; 1 drivers
v0x197e050_0 .net "ci", 0 0, L_0x1983810; 1 drivers
v0x197e100_0 .net "co", 0 0, L_0x1983060; 1 drivers
v0x197e1b0_0 .net "pc0", 0 0, L_0x1982d40; 1 drivers
v0x197e260_0 .net "pc1", 0 0, L_0x1982f90; 1 drivers
v0x197e2e0_0 .net "ps", 0 0, L_0x1982ca0; 1 drivers
v0x197e3b0_0 .net "s", 0 0, L_0x1982e10; 1 drivers
S_0x197db80 .scope module, "HA0" "HA" 2 44, 2 50, S_0x197d770;
 .timescale 0 0;
L_0x1982ca0 .functor XOR 1, L_0x19833a0, L_0x19835d0, C4<0>, C4<0>;
L_0x1982d40 .functor AND 1, L_0x19833a0, L_0x19835d0, C4<1>, C4<1>;
v0x197dc70_0 .alias "hc", 0 0, v0x197e1b0_0;
v0x197dcf0_0 .alias "hs", 0 0, v0x197e2e0_0;
v0x197dda0_0 .alias "ip1", 0 0, v0x197ded0_0;
v0x197de20_0 .alias "ip2", 0 0, v0x197dfa0_0;
S_0x197d860 .scope module, "HA1" "HA" 2 45, 2 50, S_0x197d770;
 .timescale 0 0;
L_0x1982e10 .functor XOR 1, L_0x1982ca0, L_0x1983810, C4<0>, C4<0>;
L_0x1982f90 .functor AND 1, L_0x1982ca0, L_0x1983810, C4<1>, C4<1>;
v0x197d950_0 .alias "hc", 0 0, v0x197e260_0;
v0x197d9d0_0 .alias "hs", 0 0, v0x197e3b0_0;
v0x197da50_0 .alias "ip1", 0 0, v0x197e2e0_0;
v0x197dad0_0 .alias "ip2", 0 0, v0x197e050_0;
S_0x19507a0 .scope module, "FA3" "FA" 2 19, 2 38, S_0x1951b50;
 .timescale 0 0;
L_0x1983ba0 .functor OR 1, L_0x1983970, L_0x1983b20, C4<0>, C4<0>;
v0x197d180_0 .net "a", 0 0, L_0x1983ce0; 1 drivers
v0x197d250_0 .net "b_", 0 0, L_0x1983ea0; 1 drivers
v0x197d300_0 .net "ci", 0 0, L_0x1983fd0; 1 drivers
v0x197d3b0_0 .alias "co", 0 0, v0x1980d50_0;
v0x197d460_0 .net "pc0", 0 0, L_0x1983970; 1 drivers
v0x197d510_0 .net "pc1", 0 0, L_0x1983b20; 1 drivers
v0x197d5d0_0 .net "ps", 0 0, L_0x1983210; 1 drivers
v0x197d6a0_0 .net "s", 0 0, L_0x19839f0; 1 drivers
S_0x197cdf0 .scope module, "HA0" "HA" 2 44, 2 50, S_0x19507a0;
 .timescale 0 0;
L_0x1983210 .functor XOR 1, L_0x1983ce0, L_0x1983ea0, C4<0>, C4<0>;
L_0x1983970 .functor AND 1, L_0x1983ce0, L_0x1983ea0, C4<1>, C4<1>;
v0x197cee0_0 .alias "hc", 0 0, v0x197d460_0;
v0x197cfa0_0 .alias "hs", 0 0, v0x197d5d0_0;
v0x197d050_0 .alias "ip1", 0 0, v0x197d180_0;
v0x197d0d0_0 .alias "ip2", 0 0, v0x197d250_0;
S_0x1950340 .scope module, "HA1" "HA" 2 45, 2 50, S_0x19507a0;
 .timescale 0 0;
L_0x19839f0 .functor XOR 1, L_0x1983210, L_0x1983fd0, C4<0>, C4<0>;
L_0x1983b20 .functor AND 1, L_0x1983210, L_0x1983fd0, C4<1>, C4<1>;
v0x194ef30_0 .alias "hc", 0 0, v0x197d510_0;
v0x197cc00_0 .alias "hs", 0 0, v0x197d6a0_0;
v0x197cca0_0 .alias "ip1", 0 0, v0x197d5d0_0;
v0x197cd40_0 .alias "ip2", 0 0, v0x197d300_0;
    .scope S_0x1952f00;
T_0 ;
    %vpi_call 2 67 "$dumpfile", "testbench.vcd";
    %vpi_call 2 68 "$dumpvars", 1'sb0, S_0x1952f00;
    %set/v v0x1980bd0_0, 0, 4;
    %set/v v0x1980c80_0, 0, 4;
    %set/v v0x1980e20_0, 1, 1;
    %delay 5, 0;
    %movi 8, 3, 4;
    %set/v v0x1980bd0_0, 8, 4;
    %movi 8, 2, 4;
    %set/v v0x1980c80_0, 8, 4;
    %set/v v0x1980e20_0, 1, 1;
    %delay 5, 0;
    %movi 8, 5, 4;
    %set/v v0x1980bd0_0, 8, 4;
    %movi 8, 10, 4;
    %set/v v0x1980c80_0, 8, 4;
    %set/v v0x1980e20_0, 1, 1;
    %delay 5, 0;
    %set/v v0x1980bd0_0, 1, 4;
    %movi 8, 3, 4;
    %set/v v0x1980c80_0, 8, 4;
    %set/v v0x1980e20_0, 0, 1;
    %end;
    .thread T_0;
    .scope S_0x1952f00;
T_1 ;
    %vpi_call 2 78 "$monitor", $time, " Result = %d", v0x1980fb0_0, " Carry = %d", v0x1980d50_0, "Overflow bit = %d", v0x1980f30_0;
    %end;
    .thread T_1;
# The file index is used to find the file name in the following table.
:file_names 3;
    "N/A";
    "<interactive>";
    "4bit_add_sub.v";
